<?xml version="1.0" encoding="utf-8"?><testsuites name="pytest tests"><testsuite name="pytest" errors="0" failures="1" skipped="0" tests="27" time="10.015" timestamp="2026-04-21T13:57:53.503863+00:00" hostname="agent-env-744ec30a-9bf3-4792-81e5-649838362832"><testcase classname="backend.tests.backend_test" name="test_health" time="0.240" /><testcase classname="backend.tests.backend_test" name="test_modules_count" time="0.124" /><testcase classname="backend.tests.backend_test" name="test_pricing_zar" time="0.115" /><testcase classname="backend.tests.backend_test" name="test_faq_six" time="0.145" /><testcase classname="backend.tests.backend_test" name="test_testimonials_approved_only" time="0.122" /><testcase classname="backend.tests.backend_test" name="test_submit_testimonial_pending" time="0.251" /><testcase classname="backend.tests.backend_test" name="test_tutor_apply" time="0.163" /><testcase classname="backend.tests.backend_test" name="test_contact" time="0.143" /><testcase classname="backend.tests.backend_test" name="test_register_and_duplicate" time="0.478" /><testcase classname="backend.tests.backend_test" name="test_login_wrong_password" time="0.336" /><testcase classname="backend.tests.backend_test" name="test_auth_me_with_cookie" time="0.488" /><testcase classname="backend.tests.backend_test" name="test_auth_me_no_cookie" time="0.125" /><testcase classname="backend.tests.backend_test" name="test_logout_clears_cookies" time="0.436" /><testcase classname="backend.tests.backend_test" name="test_google_session_missing_header" time="0.106" /><testcase classname="backend.tests.backend_test" name="test_admin_requires_admin_role[/admin/students]" time="0.422" /><testcase classname="backend.tests.backend_test" name="test_admin_requires_admin_role[/admin/tutors]" time="0.072" /><testcase classname="backend.tests.backend_test" name="test_admin_requires_admin_role[/admin/testimonials]" time="0.075" /><testcase classname="backend.tests.backend_test" name="test_admin_requires_admin_role[/admin/subscriptions]" time="0.083" /><testcase classname="backend.tests.backend_test" name="test_admin_requires_admin_role[/admin/analytics]" time="0.071" /><testcase classname="backend.tests.backend_test" name="test_admin_requires_admin_role[/admin/contact-messages]" time="0.070" /><testcase classname="backend.tests.backend_test" name="test_admin_requires_admin_role[/admin/all-tutors]" time="0.064" /><testcase classname="backend.tests.backend_test" name="test_admin_endpoints_ok" time="0.639" /><testcase classname="backend.tests.backend_test" name="test_tutor_approve_creates_user" time="0.587" /><testcase classname="backend.tests.backend_test" name="test_testimonial_approve_and_delete" time="0.471" /><testcase classname="backend.tests.backend_test" name="test_assign_and_student_sees_enrollment" time="0.486" /><testcase classname="backend.tests.backend_test" name="test_subscription_flow" time="0.530" /><testcase classname="backend.tests.backend_test" name="test_bruteforce_lockout" time="3.061"><failure message="AssertionError: Expected 429 lockout after 5 failed attempts&#10;assert False">backend/tests/backend_test.py:297: in test_bruteforce_lockout
    assert got_429, "Expected 429 lockout after 5 failed attempts"
E   AssertionError: Expected 429 lockout after 5 failed attempts
E   assert False</failure></testcase></testsuite></testsuites>